pos/206.jpg 1 15 15 70 70
pos/677.jpg 1 15 15 70 70
pos/728.jpg 1 15 15 70 70
pos/547.jpg 1 15 15 70 70
pos/517.jpg 1 15 15 70 70
pos/24.jpg 1 15 15 70 70
pos/667.jpg 1 15 15 70 70
pos/1002.jpg 1 15 15 70 70
pos/658.jpg 1 15 15 70 70
pos/739.jpg 1 15 15 70 70
pos/513.jpg 1 15 15 70 70
pos/212.jpg 1 15 15 70 70
pos/74.jpg 1 15 15 70 70
pos/981.jpg 1 15 15 70 70
pos/383.jpg 1 15 15 70 70
pos/25.jpg 1 15 15 70 70
pos/126.jpg 1 15 15 70 70
pos/395.jpg 1 15 15 70 70
pos/17.jpg 1 15 15 70 70
pos/408.jpg 1 15 15 70 70
pos/5.jpg 1 15 15 70 70
pos/740.jpg 1 15 15 70 70
pos/132.jpg 1 15 15 70 70
pos/422.jpg 1 15 15 70 70
pos/119.jpg 1 15 15 70 70
pos/240.jpg 1 15 15 70 70
pos/755.jpg 1 15 15 70 70
pos/710.jpg 1 15 15 70 70
pos/184.jpg 1 15 15 70 70
pos/916.jpg 1 15 15 70 70
pos/596.jpg 1 15 15 70 70
pos/983.jpg 1 15 15 70 70
pos/70.jpg 1 15 15 70 70
pos/864.jpg 1 15 15 70 70
pos/313.jpg 1 15 15 70 70
pos/433.jpg 1 15 15 70 70
pos/292.jpg 1 15 15 70 70
pos/180.jpg 1 15 15 70 70
pos/371.jpg 1 15 15 70 70
pos/980.jpg 1 15 15 70 70
pos/99.jpg 1 15 15 70 70
pos/717.jpg 1 15 15 70 70
pos/751.jpg 1 15 15 70 70
pos/857.jpg 1 15 15 70 70
pos/23.jpg 1 15 15 70 70
pos/319.jpg 1 15 15 70 70
pos/556.jpg 1 15 15 70 70
pos/461.jpg 1 15 15 70 70
pos/591.jpg 1 15 15 70 70
pos/877.jpg 1 15 15 70 70
pos/527.jpg 1 15 15 70 70
pos/365.jpg 1 15 15 70 70
pos/818.jpg 1 15 15 70 70
pos/79.jpg 1 15 15 70 70
pos/515.jpg 1 15 15 70 70
pos/760.jpg 1 15 15 70 70
pos/391.jpg 1 15 15 70 70
pos/187.jpg 1 15 15 70 70
pos/704.jpg 1 15 15 70 70
pos/816.jpg 1 15 15 70 70
pos/447.jpg 1 15 15 70 70
pos/481.jpg 1 15 15 70 70
pos/71.jpg 1 15 15 70 70
pos/229.jpg 1 15 15 70 70
pos/66.jpg 1 15 15 70 70
pos/437.jpg 1 15 15 70 70
pos/297.jpg 1 15 15 70 70
pos/584.jpg 1 15 15 70 70
pos/993.jpg 1 15 15 70 70
pos/572.jpg 1 15 15 70 70
pos/651.jpg 1 15 15 70 70
pos/763.jpg 1 15 15 70 70
pos/354.jpg 1 15 15 70 70
pos/100.jpg 1 15 15 70 70
pos/819.jpg 1 15 15 70 70
pos/205.jpg 1 15 15 70 70
pos/131.jpg 1 15 15 70 70
pos/418.jpg 1 15 15 70 70
pos/695.jpg 1 15 15 70 70
pos/370.jpg 1 15 15 70 70
pos/548.jpg 1 15 15 70 70
pos/882.jpg 1 15 15 70 70
pos/600.jpg 1 15 15 70 70
pos/750.jpg 1 15 15 70 70
pos/303.jpg 1 15 15 70 70
pos/573.jpg 1 15 15 70 70
pos/585.jpg 1 15 15 70 70
pos/840.jpg 1 15 15 70 70
pos/774.jpg 1 15 15 70 70
pos/340.jpg 1 15 15 70 70
pos/456.jpg 1 15 15 70 70
pos/874.jpg 1 15 15 70 70
pos/967.jpg 1 15 15 70 70
pos/378.jpg 1 15 15 70 70
pos/491.jpg 1 15 15 70 70
pos/257.jpg 1 15 15 70 70
pos/805.jpg 1 15 15 70 70
pos/713.jpg 1 15 15 70 70
pos/128.jpg 1 15 15 70 70
pos/724.jpg 1 15 15 70 70
pos/110.jpg 1 15 15 70 70
pos/978.jpg 1 15 15 70 70
pos/554.jpg 1 15 15 70 70
pos/8.jpg 1 15 15 70 70
pos/338.jpg 1 15 15 70 70
pos/630.jpg 1 15 15 70 70
pos/617.jpg 1 15 15 70 70
pos/887.jpg 1 15 15 70 70
pos/621.jpg 1 15 15 70 70
pos/288.jpg 1 15 15 70 70
pos/835.jpg 1 15 15 70 70
pos/843.jpg 1 15 15 70 70
pos/136.jpg 1 15 15 70 70
pos/574.jpg 1 15 15 70 70
pos/592.jpg 1 15 15 70 70
pos/22.jpg 1 15 15 70 70
pos/462.jpg 1 15 15 70 70
pos/551.jpg 1 15 15 70 70
pos/538.jpg 1 15 15 70 70
pos/82.jpg 1 15 15 70 70
pos/231.jpg 1 15 15 70 70
pos/883.jpg 1 15 15 70 70
pos/127.jpg 1 15 15 70 70
pos/445.jpg 1 15 15 70 70
pos/280.jpg 1 15 15 70 70
pos/72.jpg 1 15 15 70 70
pos/169.jpg 1 15 15 70 70
pos/711.jpg 1 15 15 70 70
pos/80.jpg 1 15 15 70 70
pos/598.jpg 1 15 15 70 70
pos/626.jpg 1 15 15 70 70
pos/252.jpg 1 15 15 70 70
pos/845.jpg 1 15 15 70 70
pos/430.jpg 1 15 15 70 70
pos/1003.jpg 1 15 15 70 70
pos/93.jpg 1 15 15 70 70
pos/164.jpg 1 15 15 70 70
pos/936.jpg 1 15 15 70 70
pos/586.jpg 1 15 15 70 70
pos/549.jpg 1 15 15 70 70
pos/590.jpg 1 15 15 70 70
pos/518.jpg 1 15 15 70 70
pos/286.jpg 1 15 15 70 70
pos/896.jpg 1 15 15 70 70
pos/459.jpg 1 15 15 70 70
pos/203.jpg 1 15 15 70 70
pos/516.jpg 1 15 15 70 70
pos/758.jpg 1 15 15 70 70
pos/78.jpg 1 15 15 70 70
pos/133.jpg 1 15 15 70 70
pos/732.jpg 1 15 15 70 70
pos/906.jpg 1 15 15 70 70
pos/2.jpg 1 15 15 70 70
pos/263.jpg 1 15 15 70 70
pos/172.jpg 1 15 15 70 70
pos/868.jpg 1 15 15 70 70
pos/564.jpg 1 15 15 70 70
pos/738.jpg 1 15 15 70 70
pos/36.jpg 1 15 15 70 70
pos/476.jpg 1 15 15 70 70
pos/222.jpg 1 15 15 70 70
pos/362.jpg 1 15 15 70 70
pos/381.jpg 1 15 15 70 70
pos/869.jpg 1 15 15 70 70
pos/645.jpg 1 15 15 70 70
pos/152.jpg 1 15 15 70 70
pos/762.jpg 1 15 15 70 70
pos/786.jpg 1 15 15 70 70
pos/298.jpg 1 15 15 70 70
pos/138.jpg 1 15 15 70 70
pos/228.jpg 1 15 15 70 70
pos/305.jpg 1 15 15 70 70
pos/639.jpg 1 15 15 70 70
pos/627.jpg 1 15 15 70 70
pos/194.jpg 1 15 15 70 70
pos/44.jpg 1 15 15 70 70
pos/583.jpg 1 15 15 70 70
pos/351.jpg 1 15 15 70 70
pos/92.jpg 1 15 15 70 70
pos/824.jpg 1 15 15 70 70
pos/325.jpg 1 15 15 70 70
pos/802.jpg 1 15 15 70 70
pos/211.jpg 1 15 15 70 70
pos/174.jpg 1 15 15 70 70
pos/482.jpg 1 15 15 70 70
pos/964.jpg 1 15 15 70 70
pos/457.jpg 1 15 15 70 70
pos/315.jpg 1 15 15 70 70
pos/367.jpg 1 15 15 70 70
pos/884.jpg 1 15 15 70 70
pos/137.jpg 1 15 15 70 70
pos/873.jpg 1 15 15 70 70
pos/369.jpg 1 15 15 70 70
pos/837.jpg 1 15 15 70 70
pos/207.jpg 1 15 15 70 70
pos/458.jpg 1 15 15 70 70
pos/997.jpg 1 15 15 70 70
pos/162.jpg 1 15 15 70 70
pos/963.jpg 1 15 15 70 70
pos/537.jpg 1 15 15 70 70
pos/278.jpg 1 15 15 70 70
pos/955.jpg 1 15 15 70 70
pos/715.jpg 1 15 15 70 70
pos/553.jpg 1 15 15 70 70
pos/115.jpg 1 15 15 70 70
pos/952.jpg 1 15 15 70 70
pos/484.jpg 1 15 15 70 70
pos/50.jpg 1 15 15 70 70
pos/968.jpg 1 15 15 70 70
pos/692.jpg 1 15 15 70 70
pos/83.jpg 1 15 15 70 70
pos/951.jpg 1 15 15 70 70
pos/668.jpg 1 15 15 70 70
pos/558.jpg 1 15 15 70 70
pos/689.jpg 1 15 15 70 70
pos/302.jpg 1 15 15 70 70
pos/182.jpg 1 15 15 70 70
pos/723.jpg 1 15 15 70 70
pos/259.jpg 1 15 15 70 70
pos/489.jpg 1 15 15 70 70
pos/839.jpg 1 15 15 70 70
pos/509.jpg 1 15 15 70 70
pos/803.jpg 1 15 15 70 70
pos/613.jpg 1 15 15 70 70
pos/403.jpg 1 15 15 70 70
pos/397.jpg 1 15 15 70 70
pos/368.jpg 1 15 15 70 70
pos/746.jpg 1 15 15 70 70
pos/632.jpg 1 15 15 70 70
pos/105.jpg 1 15 15 70 70
pos/849.jpg 1 15 15 70 70
pos/914.jpg 1 15 15 70 70
pos/450.jpg 1 15 15 70 70
pos/801.jpg 1 15 15 70 70
pos/426.jpg 1 15 15 70 70
pos/508.jpg 1 15 15 70 70
pos/671.jpg 1 15 15 70 70
pos/341.jpg 1 15 15 70 70
pos/861.jpg 1 15 15 70 70
pos/294.jpg 1 15 15 70 70
pos/848.jpg 1 15 15 70 70
pos/697.jpg 1 15 15 70 70
pos/662.jpg 1 15 15 70 70
pos/307.jpg 1 15 15 70 70
pos/790.jpg 1 15 15 70 70
pos/215.jpg 1 15 15 70 70
pos/745.jpg 1 15 15 70 70
pos/446.jpg 1 15 15 70 70
pos/497.jpg 1 15 15 70 70
pos/41.jpg 1 15 15 70 70
pos/7.jpg 1 15 15 70 70
pos/795.jpg 1 15 15 70 70
pos/587.jpg 1 15 15 70 70
pos/310.jpg 1 15 15 70 70
pos/281.jpg 1 15 15 70 70
pos/453.jpg 1 15 15 70 70
pos/545.jpg 1 15 15 70 70
pos/779.jpg 1 15 15 70 70
pos/956.jpg 1 15 15 70 70
pos/778.jpg 1 15 15 70 70
pos/392.jpg 1 15 15 70 70
pos/295.jpg 1 15 15 70 70
pos/546.jpg 1 15 15 70 70
pos/296.jpg 1 15 15 70 70
pos/33.jpg 1 15 15 70 70
pos/360.jpg 1 15 15 70 70
pos/380.jpg 1 15 15 70 70
pos/475.jpg 1 15 15 70 70
pos/788.jpg 1 15 15 70 70
pos/329.jpg 1 15 15 70 70
pos/979.jpg 1 15 15 70 70
pos/273.jpg 1 15 15 70 70
pos/221.jpg 1 15 15 70 70
pos/687.jpg 1 15 15 70 70
pos/994.jpg 1 15 15 70 70
pos/756.jpg 1 15 15 70 70
pos/609.jpg 1 15 15 70 70
pos/170.jpg 1 15 15 70 70
pos/942.jpg 1 15 15 70 70
pos/159.jpg 1 15 15 70 70
pos/684.jpg 1 15 15 70 70
pos/335.jpg 1 15 15 70 70
pos/890.jpg 1 15 15 70 70
pos/348.jpg 1 15 15 70 70
pos/618.jpg 1 15 15 70 70
pos/885.jpg 1 15 15 70 70
pos/353.jpg 1 15 15 70 70
pos/258.jpg 1 15 15 70 70
pos/698.jpg 1 15 15 70 70
pos/603.jpg 1 15 15 70 70
pos/665.jpg 1 15 15 70 70
pos/61.jpg 1 15 15 70 70
pos/853.jpg 1 15 15 70 70
pos/155.jpg 1 15 15 70 70
pos/35.jpg 1 15 15 70 70
pos/865.jpg 1 15 15 70 70
pos/961.jpg 1 15 15 70 70
pos/799.jpg 1 15 15 70 70
pos/638.jpg 1 15 15 70 70
pos/879.jpg 1 15 15 70 70
pos/703.jpg 1 15 15 70 70
pos/793.jpg 1 15 15 70 70
pos/785.jpg 1 15 15 70 70
pos/54.jpg 1 15 15 70 70
pos/525.jpg 1 15 15 70 70
pos/401.jpg 1 15 15 70 70
pos/96.jpg 1 15 15 70 70
pos/45.jpg 1 15 15 70 70
pos/129.jpg 1 15 15 70 70
pos/995.jpg 1 15 15 70 70
pos/189.jpg 1 15 15 70 70
pos/614.jpg 1 15 15 70 70
pos/468.jpg 1 15 15 70 70
pos/649.jpg 1 15 15 70 70
pos/971.jpg 1 15 15 70 70
pos/251.jpg 1 15 15 70 70
pos/519.jpg 1 15 15 70 70
pos/559.jpg 1 15 15 70 70
pos/860.jpg 1 15 15 70 70
pos/920.jpg 1 15 15 70 70
pos/855.jpg 1 15 15 70 70
pos/103.jpg 1 15 15 70 70
pos/239.jpg 1 15 15 70 70
pos/744.jpg 1 15 15 70 70
pos/398.jpg 1 15 15 70 70
pos/729.jpg 1 15 15 70 70
pos/113.jpg 1 15 15 70 70
pos/300.jpg 1 15 15 70 70
pos/953.jpg 1 15 15 70 70
pos/831.jpg 1 15 15 70 70
pos/771.jpg 1 15 15 70 70
pos/63.jpg 1 15 15 70 70
pos/347.jpg 1 15 15 70 70
pos/400.jpg 1 15 15 70 70
pos/40.jpg 1 15 15 70 70
pos/921.jpg 1 15 15 70 70
pos/175.jpg 1 15 15 70 70
pos/656.jpg 1 15 15 70 70
pos/927.jpg 1 15 15 70 70
pos/657.jpg 1 15 15 70 70
pos/908.jpg 1 15 15 70 70
pos/1.jpg 1 15 15 70 70
pos/944.jpg 1 15 15 70 70
pos/488.jpg 1 15 15 70 70
pos/685.jpg 1 15 15 70 70
pos/247.jpg 1 15 15 70 70
pos/552.jpg 1 15 15 70 70
pos/856.jpg 1 15 15 70 70
pos/320.jpg 1 15 15 70 70
pos/487.jpg 1 15 15 70 70
pos/846.jpg 1 15 15 70 70
pos/563.jpg 1 15 15 70 70
pos/89.jpg 1 15 15 70 70
pos/808.jpg 1 15 15 70 70
pos/811.jpg 1 15 15 70 70
pos/880.jpg 1 15 15 70 70
pos/735.jpg 1 15 15 70 70
pos/311.jpg 1 15 15 70 70
pos/51.jpg 1 15 15 70 70
pos/918.jpg 1 15 15 70 70
pos/789.jpg 1 15 15 70 70
pos/832.jpg 1 15 15 70 70
pos/663.jpg 1 15 15 70 70
pos/98.jpg 1 15 15 70 70
pos/653.jpg 1 15 15 70 70
pos/434.jpg 1 15 15 70 70
pos/520.jpg 1 15 15 70 70
pos/540.jpg 1 15 15 70 70
pos/316.jpg 1 15 15 70 70
pos/406.jpg 1 15 15 70 70
pos/246.jpg 1 15 15 70 70
pos/765.jpg 1 15 15 70 70
pos/640.jpg 1 15 15 70 70
pos/672.jpg 1 15 15 70 70
pos/317.jpg 1 15 15 70 70
pos/604.jpg 1 15 15 70 70
pos/260.jpg 1 15 15 70 70
pos/435.jpg 1 15 15 70 70
pos/390.jpg 1 15 15 70 70
pos/196.jpg 1 15 15 70 70
pos/934.jpg 1 15 15 70 70
pos/958.jpg 1 15 15 70 70
pos/652.jpg 1 15 15 70 70
pos/428.jpg 1 15 15 70 70
pos/185.jpg 1 15 15 70 70
pos/220.jpg 1 15 15 70 70
pos/304.jpg 1 15 15 70 70
pos/120.jpg 1 15 15 70 70
pos/336.jpg 1 15 15 70 70
pos/328.jpg 1 15 15 70 70
pos/52.jpg 1 15 15 70 70
pos/904.jpg 1 15 15 70 70
pos/812.jpg 1 15 15 70 70
pos/150.jpg 1 15 15 70 70
pos/532.jpg 1 15 15 70 70
pos/402.jpg 1 15 15 70 70
pos/524.jpg 1 15 15 70 70
pos/932.jpg 1 15 15 70 70
pos/114.jpg 1 15 15 70 70
pos/588.jpg 1 15 15 70 70
pos/623.jpg 1 15 15 70 70
pos/557.jpg 1 15 15 70 70
pos/451.jpg 1 15 15 70 70
pos/797.jpg 1 15 15 70 70
pos/414.jpg 1 15 15 70 70
pos/825.jpg 1 15 15 70 70
pos/581.jpg 1 15 15 70 70
pos/678.jpg 1 15 15 70 70
pos/876.jpg 1 15 15 70 70
pos/915.jpg 1 15 15 70 70
pos/62.jpg 1 15 15 70 70
pos/469.jpg 1 15 15 70 70
pos/210.jpg 1 15 15 70 70
pos/987.jpg 1 15 15 70 70
pos/256.jpg 1 15 15 70 70
pos/318.jpg 1 15 15 70 70
pos/823.jpg 1 15 15 70 70
pos/250.jpg 1 15 15 70 70
pos/1001.jpg 1 15 15 70 70
pos/425.jpg 1 15 15 70 70
pos/253.jpg 1 15 15 70 70
pos/523.jpg 1 15 15 70 70
pos/566.jpg 1 15 15 70 70
pos/31.jpg 1 15 15 70 70
pos/86.jpg 1 15 15 70 70
pos/612.jpg 1 15 15 70 70
pos/826.jpg 1 15 15 70 70
pos/912.jpg 1 15 15 70 70
pos/343.jpg 1 15 15 70 70
pos/161.jpg 1 15 15 70 70
pos/209.jpg 1 15 15 70 70
pos/327.jpg 1 15 15 70 70
pos/289.jpg 1 15 15 70 70
pos/852.jpg 1 15 15 70 70
pos/675.jpg 1 15 15 70 70
pos/898.jpg 1 15 15 70 70
pos/560.jpg 1 15 15 70 70
pos/355.jpg 1 15 15 70 70
pos/413.jpg 1 15 15 70 70
pos/875.jpg 1 15 15 70 70
pos/646.jpg 1 15 15 70 70
pos/55.jpg 1 15 15 70 70
pos/412.jpg 1 15 15 70 70
pos/270.jpg 1 15 15 70 70
pos/111.jpg 1 15 15 70 70
pos/940.jpg 1 15 15 70 70
pos/499.jpg 1 15 15 70 70
pos/526.jpg 1 15 15 70 70
pos/521.jpg 1 15 15 70 70
pos/356.jpg 1 15 15 70 70
pos/608.jpg 1 15 15 70 70
pos/900.jpg 1 15 15 70 70
pos/757.jpg 1 15 15 70 70
pos/261.jpg 1 15 15 70 70
pos/991.jpg 1 15 15 70 70
pos/800.jpg 1 15 15 70 70
pos/949.jpg 1 15 15 70 70
pos/191.jpg 1 15 15 70 70
pos/854.jpg 1 15 15 70 70
pos/606.jpg 1 15 15 70 70
pos/21.jpg 1 15 15 70 70
pos/938.jpg 1 15 15 70 70
pos/923.jpg 1 15 15 70 70
pos/198.jpg 1 15 15 70 70
pos/989.jpg 1 15 15 70 70
pos/293.jpg 1 15 15 70 70
pos/399.jpg 1 15 15 70 70
pos/810.jpg 1 15 15 70 70
pos/396.jpg 1 15 15 70 70
pos/691.jpg 1 15 15 70 70
pos/913.jpg 1 15 15 70 70
pos/75.jpg 1 15 15 70 70
pos/768.jpg 1 15 15 70 70
pos/195.jpg 1 15 15 70 70
pos/813.jpg 1 15 15 70 70
pos/990.jpg 1 15 15 70 70
pos/834.jpg 1 15 15 70 70
pos/276.jpg 1 15 15 70 70
pos/500.jpg 1 15 15 70 70
pos/742.jpg 1 15 15 70 70
pos/669.jpg 1 15 15 70 70
pos/761.jpg 1 15 15 70 70
pos/455.jpg 1 15 15 70 70
pos/88.jpg 1 15 15 70 70
pos/679.jpg 1 15 15 70 70
pos/597.jpg 1 15 15 70 70
pos/867.jpg 1 15 15 70 70
pos/986.jpg 1 15 15 70 70
pos/798.jpg 1 15 15 70 70
pos/237.jpg 1 15 15 70 70
pos/504.jpg 1 15 15 70 70
pos/950.jpg 1 15 15 70 70
pos/892.jpg 1 15 15 70 70
pos/575.jpg 1 15 15 70 70
pos/534.jpg 1 15 15 70 70
pos/393.jpg 1 15 15 70 70
pos/543.jpg 1 15 15 70 70
pos/208.jpg 1 15 15 70 70
pos/939.jpg 1 15 15 70 70
pos/494.jpg 1 15 15 70 70
pos/659.jpg 1 15 15 70 70
pos/878.jpg 1 15 15 70 70
pos/199.jpg 1 15 15 70 70
pos/118.jpg 1 15 15 70 70
pos/32.jpg 1 15 15 70 70
pos/14.jpg 1 15 15 70 70
pos/242.jpg 1 15 15 70 70
pos/154.jpg 1 15 15 70 70
pos/160.jpg 1 15 15 70 70
pos/642.jpg 1 15 15 70 70
pos/670.jpg 1 15 15 70 70
pos/11.jpg 1 15 15 70 70
pos/77.jpg 1 15 15 70 70
pos/29.jpg 1 15 15 70 70
pos/966.jpg 1 15 15 70 70
pos/387.jpg 1 15 15 70 70
pos/714.jpg 1 15 15 70 70
pos/571.jpg 1 15 15 70 70
pos/881.jpg 1 15 15 70 70
pos/965.jpg 1 15 15 70 70
pos/81.jpg 1 15 15 70 70
pos/146.jpg 1 15 15 70 70
pos/106.jpg 1 15 15 70 70
pos/13.jpg 1 15 15 70 70
pos/719.jpg 1 15 15 70 70
pos/427.jpg 1 15 15 70 70
pos/935.jpg 1 15 15 70 70
pos/747.jpg 1 15 15 70 70
pos/791.jpg 1 15 15 70 70
pos/472.jpg 1 15 15 70 70
pos/796.jpg 1 15 15 70 70
pos/594.jpg 1 15 15 70 70
pos/753.jpg 1 15 15 70 70
pos/134.jpg 1 15 15 70 70
pos/578.jpg 1 15 15 70 70
pos/847.jpg 1 15 15 70 70
pos/804.jpg 1 15 15 70 70
pos/888.jpg 1 15 15 70 70
pos/363.jpg 1 15 15 70 70
pos/279.jpg 1 15 15 70 70
pos/929.jpg 1 15 15 70 70
pos/673.jpg 1 15 15 70 70
pos/886.jpg 1 15 15 70 70
pos/926.jpg 1 15 15 70 70
pos/30.jpg 1 15 15 70 70
pos/962.jpg 1 15 15 70 70
pos/330.jpg 1 15 15 70 70
pos/290.jpg 1 15 15 70 70
pos/186.jpg 1 15 15 70 70
pos/124.jpg 1 15 15 70 70
pos/374.jpg 1 15 15 70 70
pos/954.jpg 1 15 15 70 70
pos/245.jpg 1 15 15 70 70
pos/870.jpg 1 15 15 70 70
pos/424.jpg 1 15 15 70 70
pos/373.jpg 1 15 15 70 70
pos/505.jpg 1 15 15 70 70
pos/233.jpg 1 15 15 70 70
pos/895.jpg 1 15 15 70 70
pos/405.jpg 1 15 15 70 70
pos/976.jpg 1 15 15 70 70
pos/90.jpg 1 15 15 70 70
pos/213.jpg 1 15 15 70 70
pos/423.jpg 1 15 15 70 70
pos/109.jpg 1 15 15 70 70
pos/815.jpg 1 15 15 70 70
pos/589.jpg 1 15 15 70 70
pos/775.jpg 1 15 15 70 70
pos/10.jpg 1 15 15 70 70
pos/350.jpg 1 15 15 70 70
pos/907.jpg 1 15 15 70 70
pos/34.jpg 1 15 15 70 70
pos/947.jpg 1 15 15 70 70
pos/891.jpg 1 15 15 70 70
pos/725.jpg 1 15 15 70 70
pos/65.jpg 1 15 15 70 70
pos/634.jpg 1 15 15 70 70
pos/492.jpg 1 15 15 70 70
pos/379.jpg 1 15 15 70 70
pos/536.jpg 1 15 15 70 70
pos/933.jpg 1 15 15 70 70
pos/442.jpg 1 15 15 70 70
pos/910.jpg 1 15 15 70 70
pos/562.jpg 1 15 15 70 70
pos/648.jpg 1 15 15 70 70
pos/726.jpg 1 15 15 70 70
pos/440.jpg 1 15 15 70 70
pos/58.jpg 1 15 15 70 70
pos/503.jpg 1 15 15 70 70
pos/145.jpg 1 15 15 70 70
pos/601.jpg 1 15 15 70 70
pos/999.jpg 1 15 15 70 70
pos/139.jpg 1 15 15 70 70
pos/448.jpg 1 15 15 70 70
pos/56.jpg 1 15 15 70 70
pos/625.jpg 1 15 15 70 70
pos/531.jpg 1 15 15 70 70
pos/821.jpg 1 15 15 70 70
pos/827.jpg 1 15 15 70 70
pos/700.jpg 1 15 15 70 70
pos/149.jpg 1 15 15 70 70
pos/339.jpg 1 15 15 70 70
pos/287.jpg 1 15 15 70 70
pos/39.jpg 1 15 15 70 70
pos/193.jpg 1 15 15 70 70
pos/301.jpg 1 15 15 70 70
pos/709.jpg 1 15 15 70 70
pos/282.jpg 1 15 15 70 70
pos/173.jpg 1 15 15 70 70
pos/628.jpg 1 15 15 70 70
pos/443.jpg 1 15 15 70 70
pos/931.jpg 1 15 15 70 70
pos/358.jpg 1 15 15 70 70
pos/919.jpg 1 15 15 70 70
pos/179.jpg 1 15 15 70 70
pos/822.jpg 1 15 15 70 70
pos/635.jpg 1 15 15 70 70
pos/104.jpg 1 15 15 70 70
pos/19.jpg 1 15 15 70 70
pos/26.jpg 1 15 15 70 70
pos/264.jpg 1 15 15 70 70
pos/130.jpg 1 15 15 70 70
pos/204.jpg 1 15 15 70 70
pos/872.jpg 1 15 15 70 70
pos/144.jpg 1 15 15 70 70
pos/830.jpg 1 15 15 70 70
pos/924.jpg 1 15 15 70 70
pos/158.jpg 1 15 15 70 70
pos/236.jpg 1 15 15 70 70
pos/438.jpg 1 15 15 70 70
pos/945.jpg 1 15 15 70 70
pos/820.jpg 1 15 15 70 70
pos/359.jpg 1 15 15 70 70
pos/471.jpg 1 15 15 70 70
pos/410.jpg 1 15 15 70 70
pos/576.jpg 1 15 15 70 70
pos/241.jpg 1 15 15 70 70
pos/721.jpg 1 15 15 70 70
pos/176.jpg 1 15 15 70 70
pos/477.jpg 1 15 15 70 70
pos/595.jpg 1 15 15 70 70
pos/148.jpg 1 15 15 70 70
pos/633.jpg 1 15 15 70 70
pos/722.jpg 1 15 15 70 70
pos/420.jpg 1 15 15 70 70
pos/346.jpg 1 15 15 70 70
pos/151.jpg 1 15 15 70 70
pos/688.jpg 1 15 15 70 70
pos/415.jpg 1 15 15 70 70
pos/972.jpg 1 15 15 70 70
pos/165.jpg 1 15 15 70 70
pos/909.jpg 1 15 15 70 70
pos/243.jpg 1 15 15 70 70
pos/814.jpg 1 15 15 70 70
pos/647.jpg 1 15 15 70 70
pos/555.jpg 1 15 15 70 70
pos/682.jpg 1 15 15 70 70
pos/644.jpg 1 15 15 70 70
pos/911.jpg 1 15 15 70 70
pos/903.jpg 1 15 15 70 70
pos/996.jpg 1 15 15 70 70
pos/828.jpg 1 15 15 70 70
pos/3.jpg 1 15 15 70 70
pos/705.jpg 1 15 15 70 70
pos/806.jpg 1 15 15 70 70
pos/57.jpg 1 15 15 70 70
pos/829.jpg 1 15 15 70 70
pos/18.jpg 1 15 15 70 70
pos/299.jpg 1 15 15 70 70
pos/973.jpg 1 15 15 70 70
pos/334.jpg 1 15 15 70 70
pos/483.jpg 1 15 15 70 70
pos/167.jpg 1 15 15 70 70
pos/593.jpg 1 15 15 70 70
pos/770.jpg 1 15 15 70 70
pos/223.jpg 1 15 15 70 70
pos/217.jpg 1 15 15 70 70
pos/602.jpg 1 15 15 70 70
pos/1005.jpg 1 15 15 70 70
pos/863.jpg 1 15 15 70 70
pos/767.jpg 1 15 15 70 70
pos/974.jpg 1 15 15 70 70
pos/467.jpg 1 15 15 70 70
pos/569.jpg 1 15 15 70 70
pos/49.jpg 1 15 15 70 70
pos/905.jpg 1 15 15 70 70
pos/510.jpg 1 15 15 70 70
pos/407.jpg 1 15 15 70 70
pos/506.jpg 1 15 15 70 70
pos/454.jpg 1 15 15 70 70
pos/42.jpg 1 15 15 70 70
pos/708.jpg 1 15 15 70 70
pos/850.jpg 1 15 15 70 70
pos/238.jpg 1 15 15 70 70
pos/386.jpg 1 15 15 70 70
pos/94.jpg 1 15 15 70 70
pos/943.jpg 1 15 15 70 70
pos/249.jpg 1 15 15 70 70
pos/141.jpg 1 15 15 70 70
pos/64.jpg 1 15 15 70 70
pos/676.jpg 1 15 15 70 70
pos/323.jpg 1 15 15 70 70
pos/730.jpg 1 15 15 70 70
pos/498.jpg 1 15 15 70 70
pos/493.jpg 1 15 15 70 70
pos/748.jpg 1 15 15 70 70
pos/87.jpg 1 15 15 70 70
pos/683.jpg 1 15 15 70 70
pos/616.jpg 1 15 15 70 70
pos/142.jpg 1 15 15 70 70
pos/465.jpg 1 15 15 70 70
pos/833.jpg 1 15 15 70 70
pos/480.jpg 1 15 15 70 70
pos/611.jpg 1 15 15 70 70
pos/982.jpg 1 15 15 70 70
pos/59.jpg 1 15 15 70 70
pos/570.jpg 1 15 15 70 70
pos/466.jpg 1 15 15 70 70
pos/73.jpg 1 15 15 70 70
pos/452.jpg 1 15 15 70 70
pos/660.jpg 1 15 15 70 70
pos/84.jpg 1 15 15 70 70
pos/375.jpg 1 15 15 70 70
pos/731.jpg 1 15 15 70 70
pos/862.jpg 1 15 15 70 70
pos/48.jpg 1 15 15 70 70
pos/107.jpg 1 15 15 70 70
pos/376.jpg 1 15 15 70 70
pos/960.jpg 1 15 15 70 70
pos/285.jpg 1 15 15 70 70
pos/474.jpg 1 15 15 70 70
pos/147.jpg 1 15 15 70 70
pos/361.jpg 1 15 15 70 70
pos/156.jpg 1 15 15 70 70
pos/27.jpg 1 15 15 70 70
pos/690.jpg 1 15 15 70 70
pos/275.jpg 1 15 15 70 70
pos/897.jpg 1 15 15 70 70
pos/345.jpg 1 15 15 70 70
pos/201.jpg 1 15 15 70 70
pos/439.jpg 1 15 15 70 70
pos/284.jpg 1 15 15 70 70
pos/283.jpg 1 15 15 70 70
pos/620.jpg 1 15 15 70 70
pos/733.jpg 1 15 15 70 70
pos/262.jpg 1 15 15 70 70
pos/15.jpg 1 15 15 70 70
pos/366.jpg 1 15 15 70 70
pos/529.jpg 1 15 15 70 70
pos/464.jpg 1 15 15 70 70
pos/123.jpg 1 15 15 70 70
pos/988.jpg 1 15 15 70 70
pos/230.jpg 1 15 15 70 70
pos/858.jpg 1 15 15 70 70
pos/6.jpg 1 15 15 70 70
pos/47.jpg 1 15 15 70 70
pos/899.jpg 1 15 15 70 70
pos/693.jpg 1 15 15 70 70
pos/851.jpg 1 15 15 70 70
pos/764.jpg 1 15 15 70 70
pos/9.jpg 1 15 15 70 70
pos/269.jpg 1 15 15 70 70
pos/183.jpg 1 15 15 70 70
pos/140.jpg 1 15 15 70 70
pos/352.jpg 1 15 15 70 70
pos/227.jpg 1 15 15 70 70
pos/514.jpg 1 15 15 70 70
pos/385.jpg 1 15 15 70 70
pos/720.jpg 1 15 15 70 70
pos/1000.jpg 1 15 15 70 70
pos/743.jpg 1 15 15 70 70
pos/389.jpg 1 15 15 70 70
pos/539.jpg 1 15 15 70 70
pos/324.jpg 1 15 15 70 70
pos/759.jpg 1 15 15 70 70
pos/337.jpg 1 15 15 70 70
pos/192.jpg 1 15 15 70 70
pos/382.jpg 1 15 15 70 70
pos/177.jpg 1 15 15 70 70
pos/342.jpg 1 15 15 70 70
pos/610.jpg 1 15 15 70 70
pos/650.jpg 1 15 15 70 70
pos/901.jpg 1 15 15 70 70
pos/970.jpg 1 15 15 70 70
pos/364.jpg 1 15 15 70 70
pos/321.jpg 1 15 15 70 70
pos/97.jpg 1 15 15 70 70
pos/622.jpg 1 15 15 70 70
pos/68.jpg 1 15 15 70 70
pos/38.jpg 1 15 15 70 70
pos/108.jpg 1 15 15 70 70
pos/125.jpg 1 15 15 70 70
pos/53.jpg 1 15 15 70 70
pos/266.jpg 1 15 15 70 70
pos/216.jpg 1 15 15 70 70
pos/69.jpg 1 15 15 70 70
pos/463.jpg 1 15 15 70 70
pos/737.jpg 1 15 15 70 70
pos/807.jpg 1 15 15 70 70
pos/530.jpg 1 15 15 70 70
pos/416.jpg 1 15 15 70 70
pos/661.jpg 1 15 15 70 70
pos/265.jpg 1 15 15 70 70
pos/326.jpg 1 15 15 70 70
pos/734.jpg 1 15 15 70 70
pos/43.jpg 1 15 15 70 70
pos/838.jpg 1 15 15 70 70
pos/444.jpg 1 15 15 70 70
pos/460.jpg 1 15 15 70 70
pos/809.jpg 1 15 15 70 70
pos/274.jpg 1 15 15 70 70
pos/654.jpg 1 15 15 70 70
pos/431.jpg 1 15 15 70 70
pos/528.jpg 1 15 15 70 70
pos/928.jpg 1 15 15 70 70
pos/674.jpg 1 15 15 70 70
pos/37.jpg 1 15 15 70 70
pos/636.jpg 1 15 15 70 70
pos/702.jpg 1 15 15 70 70
pos/925.jpg 1 15 15 70 70
pos/894.jpg 1 15 15 70 70
pos/219.jpg 1 15 15 70 70
pos/429.jpg 1 15 15 70 70
pos/478.jpg 1 15 15 70 70
pos/255.jpg 1 15 15 70 70
pos/312.jpg 1 15 15 70 70
pos/712.jpg 1 15 15 70 70
pos/12.jpg 1 15 15 70 70
pos/254.jpg 1 15 15 70 70
pos/985.jpg 1 15 15 70 70
pos/46.jpg 1 15 15 70 70
pos/394.jpg 1 15 15 70 70
pos/706.jpg 1 15 15 70 70
pos/749.jpg 1 15 15 70 70
pos/28.jpg 1 15 15 70 70
pos/922.jpg 1 15 15 70 70
pos/777.jpg 1 15 15 70 70
pos/577.jpg 1 15 15 70 70
pos/479.jpg 1 15 15 70 70
pos/441.jpg 1 15 15 70 70
pos/502.jpg 1 15 15 70 70
pos/655.jpg 1 15 15 70 70
pos/522.jpg 1 15 15 70 70
pos/992.jpg 1 15 15 70 70
pos/641.jpg 1 15 15 70 70
pos/599.jpg 1 15 15 70 70
pos/664.jpg 1 15 15 70 70
pos/752.jpg 1 15 15 70 70
pos/782.jpg 1 15 15 70 70
pos/975.jpg 1 15 15 70 70
pos/188.jpg 1 15 15 70 70
pos/232.jpg 1 15 15 70 70
pos/153.jpg 1 15 15 70 70
pos/122.jpg 1 15 15 70 70
pos/841.jpg 1 15 15 70 70
pos/384.jpg 1 15 15 70 70
pos/143.jpg 1 15 15 70 70
pos/4.jpg 1 15 15 70 70
pos/582.jpg 1 15 15 70 70
pos/349.jpg 1 15 15 70 70
pos/629.jpg 1 15 15 70 70
pos/417.jpg 1 15 15 70 70
pos/200.jpg 1 15 15 70 70
pos/680.jpg 1 15 15 70 70
pos/112.jpg 1 15 15 70 70
pos/135.jpg 1 15 15 70 70
pos/95.jpg 1 15 15 70 70
pos/902.jpg 1 15 15 70 70
pos/272.jpg 1 15 15 70 70
